[18:40:29] [ServerMain/INFO]: Environment: Environment[sessionHost=https://sessionserver.mojang.com, servicesHost=https://api.minecraftservices.com, name=PROD]
[18:40:32] [ServerMain/INFO]: Loaded 1337 recipes
[18:40:32] [ServerMain/INFO]: Loaded 1448 advancements
[18:40:32] [Server thread/INFO]: Starting minecraft server version 1.21.3
[18:40:32] [Server thread/INFO]: Loading properties
[18:40:32] [Server thread/INFO]: Default game type: SURVIVAL
[18:40:32] [Server thread/INFO]: Generating keypair
[18:40:33] [Server thread/INFO]: Starting Minecraft server on *:25565
[18:40:33] [Server thread/INFO]: Using epoll channel type
[18:40:33] [Server thread/WARN]: **** SERVER IS RUNNING IN OFFLINE/INSECURE MODE!
[18:40:33] [Server thread/WARN]: The server will make no attempt to authenticate usernames. Beware.
[18:40:33] [Server thread/WARN]: While this makes the game possible to play without internet access, it also opens up the ability for hackers to connect with any username they choose.
[18:40:33] [Server thread/WARN]: To change this, set "online-mode" to "true" in the server.properties file.
[18:40:33] [Server thread/INFO]: Preparing level "world"
[18:40:33] [Server thread/INFO]: Preparing start region for dimension minecraft:overworld
[18:40:41] [Worker-Main-1/INFO]: Preparing spawn area: 0%
[18:40:41] [Worker-Main-1/INFO]: Preparing spawn area: 0%
[18:40:41] [Worker-Main-1/INFO]: Preparing spawn area: 0%
[18:40:41] [Worker-Main-1/INFO]: Preparing spawn area: 0%
[18:40:41] [Worker-Main-1/INFO]: Preparing spawn area: 0%
[18:40:41] [Worker-Main-1/INFO]: Preparing spawn area: 0%
[18:40:41] [Worker-Main-1/INFO]: Preparing spawn area: 0%
[18:40:41] [Worker-Main-1/INFO]: Preparing spawn area: 0%
[18:40:41] [Worker-Main-1/INFO]: Preparing spawn area: 0%
[18:40:41] [Worker-Main-1/INFO]: Preparing spawn area: 0%
[18:40:41] [Worker-Main-1/INFO]: Preparing spawn area: 0%
[18:40:41] [Worker-Main-1/INFO]: Preparing spawn area: 0%
[18:40:41] [Worker-Main-1/INFO]: Preparing spawn area: 0%
[18:40:41] [Worker-Main-1/INFO]: Preparing spawn area: 0%
[18:40:41] [Worker-Main-1/INFO]: Preparing spawn area: 0%
[18:40:41] [Worker-Main-1/INFO]: Preparing spawn area: 0%
[18:40:41] [Worker-Main-1/INFO]: Preparing spawn area: 0%
[18:40:41] [Server thread/INFO]: Time elapsed: 8124 ms
[18:40:41] [Server thread/INFO]: Done (8.660s)! For help, type "help"
[18:41:21] [Server thread/INFO]: WTO_EZZ[/100.101.239.100:51789] logged in with entity id 16 at (-931.8670229114186, 68.0, -880.8175877921341)
[18:41:21] [Server thread/INFO]: WTO_EZZ joined the game
[19:11:43] [Server thread/INFO]: WTO_EZZ lost connection: Disconnected
[19:11:43] [Server thread/INFO]: WTO_EZZ left the game
[19:12:43] [Server thread/INFO]: Server empty for 60 seconds, pausing
[19:18:23] [Server thread/INFO]: WTO_EZZ[/100.101.239.100:52368] logged in with entity id 3855 at (-931.0644403544064, 64.0, -875.9773832220852)
[19:18:23] [Server thread/INFO]: WTO_EZZ joined the game
[19:22:18] [Server thread/INFO]: Set WTO_EZZ's game mode to Spectator Mode
[19:26:12] [Server thread/INFO]: Set WTO_EZZ's game mode to Survival Mode
[19:29:50] [Server thread/INFO]: Set WTO_EZZ's game mode to Creative Mode
[19:35:23] [Server thread/INFO]: Set WTO_EZZ's game mode to Survival Mode
[19:36:30] [Server thread/INFO]: Set WTO_EZZ's game mode to Creative Mode
[19:44:47] [Server thread/INFO]: Set WTO_EZZ's game mode to Survival Mode
[19:46:48] [Server thread/INFO]: iTox[/100.103.11.57:61364] logged in with entity id 8273 at (-1128.013665299375, 64.0, -1334.2387029778097)
[19:46:48] [Server thread/INFO]: iTox joined the game
[19:47:07] [Server thread/INFO]: [Not Secure] <WTO_EZZ> HOLA TOX
[19:49:26] [Server thread/INFO]: [Not Secure] <iTox> w
[19:50:54] [Server thread/INFO]: [Not Secure] <iTox> ol
[19:51:00] [Server thread/WARN]: Can't keep up! Is the server overloaded? Running 3298ms or 65 ticks behind
